Arguments: 
  /usr/local/bin/node /usr/local/Cellar/yarn/1.13.0/libexec/bin/yarn.js

PATH: 
  /Library/Frameworks/Python.framework/Versions/2.7/bin:/usr/local/bin:/usr/bin:/bin:/usr/sbin:/sbin:/usr/local/go/bin:/Library/Frameworks/Mono.framework/Versions/Current/Commands:/Library/Frameworks/Python.framework/Versions/2.7/bin

Yarn version: 
  1.13.0

Node version: 
  10.15.0

Platform: 
  darwin x64

Trace: 
  Error: https://registry.yarnpkg.com/eslint-config-atolye15-base: Not found
      at Request.params.callback [as _callback] (/usr/local/Cellar/yarn/1.13.0/libexec/lib/cli.js:66255:18)
      at Request.self.callback (/usr/local/Cellar/yarn/1.13.0/libexec/lib/cli.js:129397:22)
      at Request.emit (events.js:182:13)
      at Request.<anonymous> (/usr/local/Cellar/yarn/1.13.0/libexec/lib/cli.js:130369:10)
      at Request.emit (events.js:182:13)
      at IncomingMessage.<anonymous> (/usr/local/Cellar/yarn/1.13.0/libexec/lib/cli.js:130291:12)
      at Object.onceWrapper (events.js:273:13)
      at IncomingMessage.emit (events.js:187:15)
      at endReadableNT (_stream_readable.js:1094:12)
      at process._tickCallback (internal/process/next_tick.js:63:19)

npm manifest: 
  {
    "name": "eslint-config-atolye15",
    "description": "Atölye15's React JavaScript ESLint config, following our styleguide",
    "version": "1.0.0",
    "main": "index.js",
    "license": "MIT",
    "repository": {
      "type": "git",
      "url": "https://github.com/atolye15/javascript"
    },
    "bugs": {
      "url": "https://github.com/atolye15/javascript/issues"
    },
    "homepage": "https://github.com/atolye15/javascript",
    "keywords": [
      "eslint",
      "eslintconfig",
      "config",
      "atolye15",
      "javascript",
      "styleguide",
      "es2015",
      "es2016",
      "es2017",
      "es2018",
      "typescript",
      "react"
    ],
    "peerDependencies": {
      "eslint": "^4.19.1 || ^5.16.0",
      "eslint-plugin-import": "^2.17.2"
    },
    "devDependencies": {
      "eslint-config-atolye15-base": "^1.0.0"
    }
  }

yarn manifest: 
  No manifest

Lockfile: 
  No lockfile
